<?xml version="1.0" encoding="UTF-8"?>
<testng-results ignored="0" total="1" passed="1" failed="0" skipped="0">
  <reporter-output>
  </reporter-output>
  <suite started-at="2025-07-12T15:38:30 IST" name="Default suite" finished-at="2025-07-12T15:38:30 IST" duration-ms="115">
    <groups>
    </groups>
    <test started-at="2025-07-12T15:38:30 IST" name="Default test" finished-at="2025-07-12T15:38:30 IST" duration-ms="115">
      <class name="API.Ecommerce.orderDetails">
        <test-method signature="demo()[pri:0, instance:API.Ecommerce.orderDetails@e350b40]" started-at="2025-07-12T15:38:30 IST" name="demo" finished-at="2025-07-12T15:38:30 IST" duration-ms="18" status="PASS">
          <reporter-output>
          </reporter-output>
        </test-method> <!-- demo -->
      </class> <!-- API.Ecommerce.orderDetails -->
    </test> <!-- Default test -->
  </suite> <!-- Default suite -->
</testng-results>
